[2025-10-27 10:16:09] Error: Form data requires "python-multipart" to be installed. 
You can install "python-multipart" with: 

pip install python-multipart

[2025-10-27 10:16:09] Traceback:
Traceback (most recent call last):
  File "E:\z\DocDec\main.py", line 20, in <module>
    @Router.post("/predict")
     ~~~~~~~~~~~^^^^^^^^^^^^
  File "E:\z\DocDec\sandbox\Lib\site-packages\fastapi\routing.py", line 1073, in decorator
    self.add_api_route(
    ~~~~~~~~~~~~~~~~~~^
        path,
        ^^^^^
    ...<23 lines>...
        generate_unique_id_function=generate_unique_id_function,
        ^^^^^^^^^^^^^^^^^^^^^^^^^^^^^^^^^^^^^^^^^^^^^^^^^^^^^^^^
    )
    ^
  File "E:\z\DocDec\sandbox\Lib\site-packages\fastapi\routing.py", line 1012, in add_api_route
    route = route_class(
        self.prefix + path,
    ...<24 lines>...
        generate_unique_id_function=current_generate_unique_id,
    )
  File "E:\z\DocDec\sandbox\Lib\site-packages\fastapi\routing.py", line 633, in __init__
    self.dependant = get_dependant(path=self.path_format, call=self.endpoint)
                     ~~~~~~~~~~~~~^^^^^^^^^^^^^^^^^^^^^^^^^^^^^^^^^^^^^^^^^^^
  File "E:\z\DocDec\sandbox\Lib\site-packages\fastapi\dependencies\utils.py", line 297, in get_dependant
    param_details = analyze_param(
        param_name=param_name,
    ...<2 lines>...
        is_path_param=is_path_param,
    )
  File "E:\z\DocDec\sandbox\Lib\site-packages\fastapi\dependencies\utils.py", line 516, in analyze_param
    ensure_multipart_is_installed()
    ~~~~~~~~~~~~~~~~~~~~~~~~~~~~~^^
  File "E:\z\DocDec\sandbox\Lib\site-packages\fastapi\dependencies\utils.py", line 125, in ensure_multipart_is_installed
    raise RuntimeError(multipart_not_installed_error) from None
RuntimeError: Form data requires "python-multipart" to be installed. 
You can install "python-multipart" with: 

pip install python-multipart


[2025-10-27 10:16:09] File Location: E:\z\DocDec\main.py
------------------------------------------------------------
